0
(30,34),(30,33)
(30,33),(30,32)
(30,32),(31,32)
(31,32),(32,32)
(32,32),(33,32)
(33,32),(34,32)
(34,32),(35,32)
(35,32),(36,32)
(36,32),(37,32)
(37,32),(38,32)
(38,32),(39,32)
(39,32),(40,32)
(40,32),(41,32)
(41,32),(42,32)
(42,32),(43,32)
(43,32),(44,32)
(44,32),(45,32)
(45,32),(46,32)
(46,32),(47,32)
(47,32),(48,32)
(48,32),(49,32)
(49,32),(49,31)
(49,31),(49,30)
(49,30),(50,30)
(50,30),(51,30)
(51,30),(52,30)
(52,30),(53,30)
(53,30),(54,30)
(54,30),(55,30)
(55,30),(55,29)
(55,29),(56,29)
(56,29),(57,29)
(57,29),(58,29)
(58,29),(59,29)
(59,29),(60,29)
(60,29),(61,29)
(61,29),(61,28)
(61,28),(61,27)
(61,27),(61,26)
1
(30,34),(30,33)
(30,33),(30,32)
(30,32),(31,32)
(31,32),(32,32)
(32,32),(33,32)
(33,32),(34,32)
(34,32),(35,32)
(35,32),(36,32)
(36,32),(37,32)
(37,32),(38,32)
(38,32),(39,32)
(39,32),(40,32)
(40,32),(41,32)
(41,32),(42,32)
(42,32),(43,32)
(43,32),(44,32)
(44,32),(45,32)
(45,32),(46,32)
(46,32),(47,32)
(47,32),(48,32)
(48,32),(49,32)
(49,32),(49,31)
(49,31),(49,30)
(49,30),(50,30)
(50,30),(51,30)
(51,30),(52,30)
(52,30),(53,30)
(53,30),(54,30)
(54,30),(55,30)
(55,30),(55,29)
(55,29),(56,29)
(56,29),(57,29)
(57,29),(58,29)
(58,29),(59,29)
(59,29),(60,29)
(60,29),(61,29)
(61,29),(61,28)
(61,28),(61,27)
(61,27),(61,26)
2
(61,27),(61,28)
(61,28),(61,29)
(61,29),(61,30)
(61,30),(61,31)
(61,31),(61,32)
(61,32),(61,33)
(61,33),(61,34)
(61,34),(61,35)
(61,35),(60,35)
(60,35),(59,35)
(59,35),(58,35)
(58,35),(57,35)
(57,35),(56,35)
(56,35),(55,35)
(55,35),(54,35)
(54,35),(53,35)
(53,35),(52,35)
(52,35),(51,35)
(51,35),(50,35)
(50,35),(49,35)
(49,35),(48,35)
(48,35),(47,35)
(47,35),(46,35)
(46,35),(45,35)
(45,35),(44,35)
(44,35),(43,35)
(43,35),(42,35)
(42,35),(41,35)
(41,35),(40,35)
(40,35),(39,35)
(39,35),(38,35)
(38,35),(37,35)
(37,35),(36,35)
(36,35),(35,35)
(35,35),(34,35)
(34,35),(33,35)
(33,35),(32,35)
(32,35),(31,35)
(31,35),(30,35)
3
(30,35),(30,35)
4
(49,34),(49,35)
(49,35),(48,35)
(48,35),(47,35)
(47,35),(46,35)
(46,35),(45,35)
(45,35),(44,35)
(44,35),(43,35)
(43,35),(42,35)
(42,35),(41,35)
(41,35),(40,35)
(40,35),(39,35)
(39,35),(38,35)
(38,35),(37,35)
(37,35),(36,35)
(36,35),(35,35)
(35,35),(34,35)
(34,35),(33,35)
(33,35),(32,35)
(32,35),(31,35)
(31,35),(30,35)
5
(36,1),(37,1)
(37,1),(38,1)
(38,1),(39,1)
(39,1),(39,2)
(39,2),(39,3)
(39,3),(39,4)
(39,4),(39,5)
(39,5),(39,6)
(39,6),(39,7)
(39,7),(39,8)
(39,8),(39,9)
(39,9),(39,10)
(39,10),(38,10)
(38,10),(37,10)
(37,10),(37,11)
(37,11),(37,12)
(37,12),(37,13)
(37,13),(37,14)
(37,14),(37,15)
(37,15),(37,16)
(37,16),(37,17)
(37,17),(37,18)
(37,18),(37,19)
(37,19),(36,19)
(36,19),(36,20)
(36,20),(36,21)
(36,21),(36,22)
(36,22),(36,23)
(36,23),(36,24)
(36,24),(36,25)
(36,25),(36,26)
(36,26),(36,27)
(36,27),(36,28)
(36,28),(36,29)
(36,29),(36,30)
(36,30),(36,31)
(36,31),(36,32)
(36,32),(36,33)
(36,33),(36,34)
(36,34),(36,35)
(36,35),(35,35)
(35,35),(34,35)
(34,35),(33,35)
(33,35),(32,35)
(32,35),(31,35)
(31,35),(30,35)
6
(0,2),(0,3)
(0,3),(0,4)
(0,4),(0,5)
(0,5),(0,6)
(0,6),(0,7)
(0,7),(0,8)
(0,8),(0,9)
(0,9),(0,10)
(0,10),(0,11)
(0,11),(0,12)
(0,12),(0,13)
(0,13),(0,14)
(0,14),(0,15)
(0,15),(0,16)
(0,16),(0,17)
(0,17),(0,18)
(0,18),(0,19)
(0,19),(0,20)
(0,20),(0,21)
(0,21),(0,22)
(0,22),(0,23)
(0,23),(0,24)
(0,24),(0,25)
(0,25),(0,26)
(0,26),(1,26)
(1,26),(2,26)
(2,26),(2,27)
(2,27),(3,27)
(3,27),(4,27)
(4,27),(5,27)
(5,27),(6,27)
(6,27),(7,27)
(7,27),(8,27)
(8,27),(9,27)
(9,27),(10,27)
(10,27),(11,27)
(11,27),(12,27)
(12,27),(13,27)
(13,27),(14,27)
(14,27),(15,27)
(15,27),(16,27)
(16,27),(17,27)
(17,27),(18,27)
(18,27),(18,28)
(18,28),(18,29)
(18,29),(18,30)
(18,30),(18,31)
(18,31),(18,32)
(18,32),(18,33)
(18,33),(18,34)
(18,34),(18,35)
(18,35),(19,35)
(19,35),(20,35)
(20,35),(21,35)
(21,35),(22,35)
(22,35),(23,35)
(23,35),(24,35)
(24,35),(25,35)
(25,35),(26,35)
(26,35),(27,35)
(27,35),(28,35)
(28,35),(29,35)
(29,35),(30,35)
7
(30,35),(30,35)
8
(25,31),(25,32)
(25,32),(25,33)
(25,33),(25,34)
(25,34),(25,35)
(25,35),(26,35)
(26,35),(27,35)
(27,35),(28,35)
(28,35),(29,35)
(29,35),(30,35)
9
(18,27),(18,28)
(18,28),(18,29)
(18,29),(18,30)
(18,30),(18,31)
(18,31),(18,32)
(18,32),(18,33)
(18,33),(18,34)
(18,34),(18,35)
(18,35),(19,35)
(19,35),(20,35)
(20,35),(21,35)
(21,35),(22,35)
(22,35),(23,35)
(23,35),(24,35)
(24,35),(25,35)
(25,35),(26,35)
(26,35),(27,35)
(27,35),(28,35)
(28,35),(29,35)
(29,35),(30,35)
10
(30,35),(30,35)
11
(39,30),(39,31)
(39,31),(39,32)
(39,32),(39,33)
(39,33),(39,34)
(39,34),(39,35)
(39,35),(38,35)
(38,35),(37,35)
(37,35),(36,35)
(36,35),(35,35)
(35,35),(34,35)
(34,35),(33,35)
(33,35),(32,35)
(32,35),(31,35)
(31,35),(30,35)
12
(39,30),(39,31)
(39,31),(39,32)
(39,32),(39,33)
(39,33),(39,34)
(39,34),(39,35)
(39,35),(38,35)
(38,35),(37,35)
(37,35),(36,35)
(36,35),(35,35)
(35,35),(34,35)
(34,35),(33,35)
(33,35),(32,35)
(32,35),(31,35)
(31,35),(30,35)
13
(39,30),(39,31)
(39,31),(39,32)
(39,32),(39,33)
(39,33),(39,34)
(39,34),(39,35)
(39,35),(38,35)
(38,35),(37,35)
(37,35),(36,35)
(36,35),(35,35)
(35,35),(34,35)
(34,35),(33,35)
(33,35),(32,35)
(32,35),(31,35)
(31,35),(30,35)
14
(39,30),(39,31)
(39,31),(39,32)
(39,32),(39,33)
(39,33),(39,34)
(39,34),(39,35)
(39,35),(38,35)
(38,35),(37,35)
(37,35),(36,35)
(36,35),(35,35)
(35,35),(34,35)
(34,35),(33,35)
(33,35),(32,35)
(32,35),(31,35)
(31,35),(30,35)
15
(39,30),(39,31)
(39,31),(39,32)
(39,32),(39,33)
(39,33),(39,34)
(39,34),(39,35)
(39,35),(38,35)
(38,35),(37,35)
(37,35),(36,35)
(36,35),(35,35)
(35,35),(34,35)
(34,35),(33,35)
(33,35),(32,35)
(32,35),(31,35)
(31,35),(30,35)
16
(39,30),(39,31)
(39,31),(39,32)
(39,32),(39,33)
(39,33),(39,34)
(39,34),(39,35)
(39,35),(38,35)
(38,35),(37,35)
(37,35),(36,35)
(36,35),(35,35)
(35,35),(34,35)
(34,35),(33,35)
(33,35),(32,35)
(32,35),(31,35)
(31,35),(30,35)
17
(39,30),(39,31)
(39,31),(39,32)
(39,32),(39,33)
(39,33),(39,34)
(39,34),(39,35)
(39,35),(38,35)
(38,35),(37,35)
(37,35),(36,35)
(36,35),(35,35)
(35,35),(34,35)
(34,35),(33,35)
(33,35),(32,35)
(32,35),(31,35)
(31,35),(30,35)
18
(39,30),(39,31)
(39,31),(39,32)
(39,32),(39,33)
(39,33),(39,34)
(39,34),(39,35)
(39,35),(38,35)
(38,35),(37,35)
(37,35),(36,35)
(36,35),(35,35)
(35,35),(34,35)
(34,35),(33,35)
(33,35),(32,35)
(32,35),(31,35)
(31,35),(30,35)
19
(39,30),(39,31)
(39,31),(39,32)
(39,32),(39,33)
(39,33),(39,34)
(39,34),(39,35)
(39,35),(38,35)
(38,35),(37,35)
(37,35),(36,35)
(36,35),(35,35)
(35,35),(34,35)
(34,35),(33,35)
(33,35),(32,35)
(32,35),(31,35)
(31,35),(30,35)
20
(0,2),(0,3)
(0,3),(0,4)
(0,4),(0,5)
(0,5),(0,6)
(0,6),(0,7)
(0,7),(0,8)
(0,8),(0,9)
(0,9),(0,10)
(0,10),(0,11)
(0,11),(0,12)
(0,12),(0,13)
(0,13),(0,14)
(0,14),(0,15)
(0,15),(0,16)
(0,16),(0,17)
(0,17),(0,18)
(0,18),(0,19)
(0,19),(0,20)
(0,20),(0,21)
(0,21),(0,22)
(0,22),(0,23)
(0,23),(0,24)
(0,24),(0,25)
(0,25),(0,26)
(0,26),(1,26)
(1,26),(2,26)
(2,26),(2,27)
(2,27),(3,27)
(3,27),(4,27)
(4,27),(5,27)
(5,27),(6,27)
(6,27),(7,27)
(7,27),(8,27)
(8,27),(9,27)
(9,27),(10,27)
(10,27),(11,27)
(11,27),(12,27)
(12,27),(13,27)
(13,27),(14,27)
(14,27),(15,27)
(15,27),(16,27)
(16,27),(17,27)
(17,27),(18,27)
(18,27),(18,28)
(18,28),(18,29)
(18,29),(18,30)
(18,30),(18,31)
(18,31),(18,32)
(18,32),(18,33)
(18,33),(18,34)
(18,34),(18,35)
(18,35),(19,35)
(19,35),(20,35)
(20,35),(21,35)
(21,35),(22,35)
(22,35),(23,35)
(23,35),(24,35)
(24,35),(25,35)
(25,35),(26,35)
(26,35),(27,35)
(27,35),(28,35)
(28,35),(29,35)
(29,35),(30,35)
21
(2,47),(3,47)
(3,47),(4,47)
(4,47),(5,47)
(5,47),(6,47)
(6,47),(7,47)
(7,47),(8,47)
(8,47),(8,46)
(8,46),(9,46)
(9,46),(9,45)
(9,45),(9,44)
(9,44),(9,43)
(9,43),(10,43)
(10,43),(11,43)
(11,43),(12,43)
(12,43),(13,43)
(13,43),(13,42)
(13,42),(13,41)
(13,41),(13,40)
(13,40),(13,39)
(13,39),(14,39)
(14,39),(15,39)
(15,39),(16,39)
(16,39),(17,39)
(17,39),(17,38)
(17,38),(17,37)
(17,37),(18,37)
(18,37),(18,36)
(18,36),(18,35)
(18,35),(19,35)
(19,35),(20,35)
(20,35),(21,35)
(21,35),(22,35)
(22,35),(23,35)
(23,35),(24,35)
(24,35),(25,35)
(25,35),(26,35)
(26,35),(27,35)
(27,35),(28,35)
(28,35),(29,35)
(29,35),(30,35)
22
(39,28),(39,27)
(39,27),(39,26)
(39,26),(38,26)
(38,26),(37,26)
(37,26),(36,26)
(36,26),(36,25)
(36,25),(36,24)
(36,24),(36,23)
(36,23),(36,22)
(36,22),(36,21)
(36,21),(37,21)
(37,21),(38,21)
(38,21),(38,20)
(38,20),(38,19)
(38,19),(38,18)
(38,18),(38,17)
(38,17),(38,16)
(38,16),(38,15)
(38,15),(38,14)
(38,14),(38,13)
(38,13),(38,12)
(38,12),(38,11)
(38,11),(39,11)
(39,11),(39,10)
(39,10),(39,9)
(39,9),(39,8)
(39,8),(39,7)
(39,7),(39,6)
(39,6),(39,5)
(39,5),(39,4)
(39,4),(39,3)
(39,3),(39,2)
(39,2),(39,1)
(39,1),(39,0)
(39,0),(38,0)
(38,0),(37,0)
(37,0),(36,0)
23
(39,28),(39,27)
(39,27),(39,26)
(39,26),(38,26)
(38,26),(37,26)
(37,26),(36,26)
(36,26),(36,25)
(36,25),(36,24)
(36,24),(36,23)
(36,23),(36,22)
(36,22),(36,21)
(36,21),(37,21)
(37,21),(38,21)
(38,21),(38,20)
(38,20),(38,19)
(38,19),(38,18)
(38,18),(38,17)
(38,17),(38,16)
(38,16),(38,15)
(38,15),(38,14)
(38,14),(38,13)
(38,13),(38,12)
(38,12),(38,11)
(38,11),(39,11)
(39,11),(39,10)
(39,10),(39,9)
(39,9),(39,8)
(39,8),(39,7)
(39,7),(39,6)
(39,6),(39,5)
(39,5),(39,4)
(39,4),(39,3)
(39,3),(39,2)
(39,2),(39,1)
(39,1),(39,0)
(39,0),(38,0)
(38,0),(37,0)
(37,0),(36,0)
24
(39,28),(39,27)
(39,27),(39,26)
(39,26),(38,26)
(38,26),(37,26)
(37,26),(36,26)
(36,26),(36,25)
(36,25),(36,24)
(36,24),(36,23)
(36,23),(36,22)
(36,22),(36,21)
(36,21),(37,21)
(37,21),(38,21)
(38,21),(38,20)
(38,20),(38,19)
(38,19),(38,18)
(38,18),(38,17)
(38,17),(38,16)
(38,16),(38,15)
(38,15),(38,14)
(38,14),(38,13)
(38,13),(38,12)
(38,12),(38,11)
(38,11),(39,11)
(39,11),(39,10)
(39,10),(39,9)
(39,9),(39,8)
(39,8),(39,7)
(39,7),(39,6)
(39,6),(39,5)
(39,5),(39,4)
(39,4),(39,3)
(39,3),(39,2)
(39,2),(39,1)
(39,1),(39,0)
(39,0),(38,0)
(38,0),(37,0)
(37,0),(36,0)
25
(39,28),(39,27)
(39,27),(39,26)
(39,26),(38,26)
(38,26),(37,26)
(37,26),(36,26)
(36,26),(36,25)
(36,25),(36,24)
(36,24),(36,23)
(36,23),(36,22)
(36,22),(36,21)
(36,21),(37,21)
(37,21),(38,21)
(38,21),(38,20)
(38,20),(38,19)
(38,19),(38,18)
(38,18),(38,17)
(38,17),(38,16)
(38,16),(38,15)
(38,15),(38,14)
(38,14),(38,13)
(38,13),(38,12)
(38,12),(38,11)
(38,11),(39,11)
(39,11),(39,10)
(39,10),(39,9)
(39,9),(39,8)
(39,8),(39,7)
(39,7),(39,6)
(39,6),(39,5)
(39,5),(39,4)
(39,4),(39,3)
(39,3),(39,2)
(39,2),(39,1)
(39,1),(39,0)
(39,0),(38,0)
(38,0),(37,0)
(37,0),(36,0)
26
(39,28),(39,27)
(39,27),(39,26)
(39,26),(38,26)
(38,26),(37,26)
(37,26),(36,26)
(36,26),(36,25)
(36,25),(36,24)
(36,24),(36,23)
(36,23),(36,22)
(36,22),(36,21)
(36,21),(37,21)
(37,21),(38,21)
(38,21),(38,20)
(38,20),(38,19)
(38,19),(38,18)
(38,18),(38,17)
(38,17),(38,16)
(38,16),(38,15)
(38,15),(38,14)
(38,14),(38,13)
(38,13),(38,12)
(38,12),(38,11)
(38,11),(39,11)
(39,11),(39,10)
(39,10),(39,9)
(39,9),(39,8)
(39,8),(39,7)
(39,7),(39,6)
(39,6),(39,5)
(39,5),(39,4)
(39,4),(39,3)
(39,3),(39,2)
(39,2),(39,1)
(39,1),(39,0)
(39,0),(38,0)
(38,0),(37,0)
(37,0),(36,0)
27
(39,28),(39,27)
(39,27),(39,26)
(39,26),(38,26)
(38,26),(37,26)
(37,26),(36,26)
(36,26),(36,25)
(36,25),(36,24)
(36,24),(36,23)
(36,23),(36,22)
(36,22),(36,21)
(36,21),(37,21)
(37,21),(38,21)
(38,21),(38,20)
(38,20),(38,19)
(38,19),(38,18)
(38,18),(38,17)
(38,17),(38,16)
(38,16),(38,15)
(38,15),(38,14)
(38,14),(38,13)
(38,13),(38,12)
(38,12),(38,11)
(38,11),(39,11)
(39,11),(39,10)
(39,10),(39,9)
(39,9),(39,8)
(39,8),(39,7)
(39,7),(39,6)
(39,6),(39,5)
(39,5),(39,4)
(39,4),(39,3)
(39,3),(39,2)
(39,2),(39,1)
(39,1),(39,0)
(39,0),(38,0)
(38,0),(37,0)
(37,0),(36,0)
28
(39,28),(39,27)
(39,27),(39,26)
(39,26),(38,26)
(38,26),(37,26)
(37,26),(36,26)
(36,26),(36,25)
(36,25),(36,24)
(36,24),(36,23)
(36,23),(36,22)
(36,22),(36,21)
(36,21),(37,21)
(37,21),(38,21)
(38,21),(38,20)
(38,20),(38,19)
(38,19),(38,18)
(38,18),(38,17)
(38,17),(38,16)
(38,16),(38,15)
(38,15),(38,14)
(38,14),(38,13)
(38,13),(38,12)
(38,12),(38,11)
(38,11),(39,11)
(39,11),(39,10)
(39,10),(39,9)
(39,9),(39,8)
(39,8),(39,7)
(39,7),(39,6)
(39,6),(39,5)
(39,5),(39,4)
(39,4),(39,3)
(39,3),(39,2)
(39,2),(39,1)
(39,1),(39,0)
(39,0),(38,0)
(38,0),(37,0)
(37,0),(36,0)
29
(39,28),(39,27)
(39,27),(39,26)
(39,26),(38,26)
(38,26),(37,26)
(37,26),(36,26)
(36,26),(36,25)
(36,25),(36,24)
(36,24),(36,23)
(36,23),(36,22)
(36,22),(36,21)
(36,21),(37,21)
(37,21),(38,21)
(38,21),(38,20)
(38,20),(38,19)
(38,19),(38,18)
(38,18),(38,17)
(38,17),(38,16)
(38,16),(38,15)
(38,15),(38,14)
(38,14),(38,13)
(38,13),(38,12)
(38,12),(38,11)
(38,11),(39,11)
(39,11),(39,10)
(39,10),(39,9)
(39,9),(39,8)
(39,8),(39,7)
(39,7),(39,6)
(39,6),(39,5)
(39,5),(39,4)
(39,4),(39,3)
(39,3),(39,2)
(39,2),(39,1)
(39,1),(39,0)
(39,0),(38,0)
(38,0),(37,0)
(37,0),(36,0)
30
(39,28),(39,27)
(39,27),(39,26)
(39,26),(38,26)
(38,26),(37,26)
(37,26),(36,26)
(36,26),(36,25)
(36,25),(36,24)
(36,24),(36,23)
(36,23),(36,22)
(36,22),(36,21)
(36,21),(37,21)
(37,21),(38,21)
(38,21),(38,20)
(38,20),(38,19)
(38,19),(38,18)
(38,18),(38,17)
(38,17),(38,16)
(38,16),(38,15)
(38,15),(38,14)
(38,14),(38,13)
(38,13),(38,12)
(38,12),(38,11)
(38,11),(39,11)
(39,11),(39,10)
(39,10),(39,9)
(39,9),(39,8)
(39,8),(39,7)
(39,7),(39,6)
(39,6),(39,5)
(39,5),(39,4)
(39,4),(39,3)
(39,3),(39,2)
(39,2),(39,1)
(39,1),(39,0)
(39,0),(38,0)
(38,0),(37,0)
(37,0),(36,0)
31
(30,36),(30,37)
(30,37),(30,38)
(30,38),(30,39)
(30,39),(30,40)
(30,40),(31,40)
(31,40),(32,40)
(32,40),(33,40)
(33,40),(34,40)
(34,40),(35,40)
(35,40),(36,40)
(36,40),(37,40)
(37,40),(38,40)
(38,40),(39,40)
32
(30,36),(30,37)
(30,37),(30,38)
(30,38),(30,39)
(30,39),(30,40)
(30,40),(31,40)
(31,40),(32,40)
(32,40),(33,40)
(33,40),(34,40)
(34,40),(35,40)
(35,40),(36,40)
(36,40),(37,40)
(37,40),(38,40)
(38,40),(39,40)
33
(30,36),(30,37)
(30,37),(30,38)
(30,38),(30,39)
(30,39),(30,40)
(30,40),(31,40)
(31,40),(32,40)
(32,40),(33,40)
(33,40),(34,40)
(34,40),(35,40)
(35,40),(36,40)
(36,40),(37,40)
(37,40),(38,40)
(38,40),(39,40)
34
(30,36),(30,37)
(30,37),(30,38)
(30,38),(30,39)
(30,39),(30,40)
(30,40),(31,40)
(31,40),(32,40)
(32,40),(33,40)
(33,40),(34,40)
(34,40),(35,40)
(35,40),(36,40)
(36,40),(37,40)
(37,40),(38,40)
(38,40),(39,40)
35
(30,36),(30,37)
(30,37),(30,38)
(30,38),(30,39)
(30,39),(30,40)
(30,40),(31,40)
(31,40),(32,40)
(32,40),(33,40)
(33,40),(34,40)
(34,40),(35,40)
(35,40),(36,40)
(36,40),(37,40)
(37,40),(38,40)
(38,40),(39,40)
36
(30,34),(30,33)
(30,33),(31,33)
(31,33),(32,33)
(32,33),(33,33)
(33,33),(34,33)
(34,33),(35,33)
(35,33),(36,33)
(36,33),(37,33)
(37,33),(38,33)
(38,33),(39,33)
(39,33),(40,33)
(40,33),(41,33)
(41,33),(42,33)
(42,33),(43,33)
(43,33),(44,33)
(44,33),(45,33)
(45,33),(46,33)
(46,33),(47,33)
(47,33),(48,33)
(48,33),(49,33)
